<?xml version="1.0" encoding="UTF-8"?>
<!-- Generated by org.testng.reporters.JUnitReportReporter -->
<testsuite skipped="0" hostname="LAPTOP-D2GVCL39" name="dataprovider.DataProviderInTestNG2" tests="2" failures="0" timestamp="2022-05-04T09:26:07 IST" time="6.005" errors="0">
  <testcase name="addNewUserInSystem" time="2.709" classname="dataprovider.DataProviderInTestNG2"/>
  <system-out/>
  <testcase name="addNewUserInSystem" time="3.296" classname="dataprovider.DataProviderInTestNG2"/>
  <system-out/>
</testsuite> <!-- dataprovider.DataProviderInTestNG2 -->
