<?xml version="1.0" encoding="UTF-8"?>
<!-- Generated by org.testng.reporters.JUnitReportReporter -->
<testsuite skipped="0" hostname="LAPTOP-D2GVCL39" name="ktctc.DM21MavenProject.FileUploadClassWithTestNG" tests="1" failures="0" timestamp="2022-04-30T09:25:37 IST" time="17.678" errors="0">
  <testcase name="verifyUserCanUploadFile" time="17.678" classname="ktctc.DM21MavenProject.FileUploadClassWithTestNG"/>
  <system-out/>
</testsuite> <!-- ktctc.DM21MavenProject.FileUploadClassWithTestNG -->
