<?xml version="1.0" encoding="UTF-8"?>
<!-- Generated by org.testng.reporters.JUnitReportReporter -->
<testsuite skipped="0" hostname="LAPTOP-D2GVCL39" name="annotations.SampleAnnotationTestNG" tests="2" failures="0" timestamp="2022-04-30T08:28:55 IST" time="0.017" errors="0">
  <testcase name="verifyUserCanNotLoginWithInValiedCredentials" time="0.013" classname="annotations.SampleAnnotationTestNG"/>
  <system-out/>
  <testcase name="verifyUserCanLoginWithValiedCredentials" time="0.004" classname="annotations.SampleAnnotationTestNG"/>
  <system-out/>
</testsuite> <!-- annotations.SampleAnnotationTestNG -->
