<?xml version="1.0" encoding="UTF-8"?>
<!-- Generated by org.testng.reporters.JUnitReportReporter -->
<testsuite skipped="0" hostname="LAPTOP-D2GVCL39" name="ktctc.DM21MavenProject.Sample" tests="1" failures="0" timestamp="2022-05-04T09:26:07 IST" time="0.020" errors="0">
  <testcase name="verifyUserCanUploadFile" time="0.020" classname="ktctc.DM21MavenProject.Sample"/>
  <system-out/>
</testsuite> <!-- ktctc.DM21MavenProject.Sample -->
