<?xml version="1.0" encoding="UTF-8"?>
<!-- Generated by org.testng.reporters.JUnitReportReporter -->
<testsuite skipped="0" hostname="LAPTOP-D2GVCL39" name="annotations.AnnotationsTestNG" tests="2" failures="0" timestamp="2022-04-29T07:57:15 IST" time="0.026" errors="0">
  <testcase name="B" time="0.003" classname="annotations.AnnotationsTestNG"/>
  <system-out/>
  <testcase name="A" time="0.023" classname="annotations.AnnotationsTestNG"/>
  <system-out/>
</testsuite> <!-- annotations.AnnotationsTestNG -->
