<?xml version="1.0" encoding="UTF-8"?>
<!-- Generated by org.testng.reporters.JUnitReportReporter -->
<testsuite skipped="0" hostname="LAPTOP-D2GVCL39" name="ktctc.DM21MavenProject.Sample" tests="1" failures="0" timestamp="2022-04-29T07:25:53 IST" time="0.021" errors="0">
  <testcase name="sample" time="0.021" classname="ktctc.DM21MavenProject.Sample"/>
  <system-out/>
</testsuite> <!-- ktctc.DM21MavenProject.Sample -->
