<?xml version="1.0" encoding="UTF-8"?>
<!-- Generated by org.testng.reporters.JUnitReportReporter -->
<testsuite skipped="0" hostname="LAPTOP-D2GVCL39" name="brockenlink.BrockenLinkClass" tests="1" failures="0" timestamp="2022-05-04T09:26:07 IST" time="2.089" errors="0">
  <testcase name="verifyURLIsBrockenOrNot" time="2.089" classname="brockenlink.BrockenLinkClass"/>
  <system-out/>
</testsuite> <!-- brockenlink.BrockenLinkClass -->
