<?xml version="1.0" encoding="UTF-8"?>
<!-- Generated by org.testng.reporters.JUnitReportReporter -->
<testsuite skipped="0" hostname="LAPTOP-D2GVCL39" name="brockenlink.BrockenLinkClass3" tests="1" failures="0" timestamp="2022-05-04T08:44:40 IST" time="75.912" errors="0">
  <testcase name="verifyURLIsBrockenOrNot" time="75.912" classname="brockenlink.BrockenLinkClass3"/>
  <system-out/>
</testsuite> <!-- brockenlink.BrockenLinkClass3 -->
