<?xml version="1.0" encoding="UTF-8"?>
<!-- Generated by org.testng.reporters.JUnitReportReporter -->
<testsuite skipped="1" hostname="LAPTOP-D2GVCL39" name="dataprovider.DataProviderInTestNG" tests="3" failures="0" timestamp="2022-05-02T08:03:45 IST" time="16.493" errors="0">
  <testcase name="addNewUserInSystem" time="8.760" classname="dataprovider.DataProviderInTestNG"/>
  <system-out/>
  <testcase name="addNewUserInSystem" time="7.733" classname="dataprovider.DataProviderInTestNG"/>
  <system-out/>
  <testcase name="verifyUserCaqnBeaddedWithUserName" classname="dataprovider.DataProviderInTestNG">
    <skipped/>
  </testcase> <!-- verifyUserCaqnBeaddedWithUserName -->
  <system-out/>
</testsuite> <!-- dataprovider.DataProviderInTestNG -->
