<?xml version="1.0" encoding="UTF-8"?>
<!-- Generated by org.testng.reporters.JUnitReportReporter -->
<testsuite skipped="1" hostname="LAPTOP-D2GVCL39" name="dataprovider.DataProviderInTestNG" tests="3" failures="0" timestamp="2022-05-04T09:26:07 IST" time="0.069" errors="0">
  <testcase name="addNewUserInSystem" time="0.009" classname="dataprovider.DataProviderInTestNG"/>
  <system-out/>
  <testcase name="addNewUserInSystem" time="0.060" classname="dataprovider.DataProviderInTestNG"/>
  <system-out/>
  <testcase name="verifyUserCaqnBeaddedWithUserName" classname="dataprovider.DataProviderInTestNG">
    <skipped/>
  </testcase> <!-- verifyUserCaqnBeaddedWithUserName -->
  <system-out/>
</testsuite> <!-- dataprovider.DataProviderInTestNG -->
