<?xml version="1.0" encoding="UTF-8"?>
<!-- Generated by org.testng.reporters.JUnitReportReporter -->
<testsuite skipped="0" hostname="LAPTOP-D2GVCL39" name="brockenlink.BrockenLinkClass2" tests="1" failures="0" timestamp="2022-05-04T08:31:04 IST" time="13.405" errors="0">
  <testcase name="verifyURLIsBrockenOrNot" time="13.405" classname="brockenlink.BrockenLinkClass2"/>
  <system-out/>
</testsuite> <!-- brockenlink.BrockenLinkClass2 -->
