<?xml version="1.0" encoding="UTF-8"?>
<!-- Generated by org.testng.reporters.JUnitReportReporter -->
<testsuite skipped="0" hostname="LAPTOP-D2GVCL39" name="annotations.SampleAnnotationTestNG" tests="2" failures="0" timestamp="2022-05-04T09:26:07 IST" time="0.024" errors="0">
  <testcase name="verifyUserCanLoginWithValiedCredentials" time="0.014" classname="annotations.SampleAnnotationTestNG"/>
  <system-out/>
  <testcase name="verifyUserCanNotLoginWithInValiedCredentials" time="0.010" classname="annotations.SampleAnnotationTestNG"/>
  <system-out/>
</testsuite> <!-- annotations.SampleAnnotationTestNG -->
