<?xml version="1.0" encoding="UTF-8"?>
<!-- Generated by org.testng.reporters.JUnitReportReporter -->
<testsuite skipped="0" hostname="LAPTOP-D2GVCL39" name="brockenlink.BrockenLinkClass4" tests="1" failures="0" timestamp="2022-05-04T08:51:56 IST" time="31.036" errors="0">
  <testcase name="verifyURLIsBrockenOrNot" time="31.036" classname="brockenlink.BrockenLinkClass4"/>
  <system-out/>
</testsuite> <!-- brockenlink.BrockenLinkClass4 -->
