<?xml version="1.0" encoding="UTF-8"?>
<!-- Generated by org.testng.reporters.JUnitReportReporter -->
<testsuite skipped="0" hostname="LAPTOP-D2GVCL39" name="annotations.AnnotationsTestNG" tests="1" failures="0" timestamp="2022-04-30T09:20:28 IST" time="0.011" errors="0">
  <testcase name="verifyUserCanUploadFile" time="0.011" classname="annotations.AnnotationsTestNG"/>
  <system-out/>
</testsuite> <!-- annotations.AnnotationsTestNG -->
