<?xml version="1.0" encoding="UTF-8"?>
<!-- Generated by org.testng.reporters.JUnitReportReporter -->
<testsuite skipped="0" hostname="LAPTOP-D2GVCL39" name="priority.PriorityInTestNG" tests="3" failures="0" timestamp="2022-05-04T09:26:07 IST" time="0.021" errors="0">
  <testcase name="B" time="0.009" classname="priority.PriorityInTestNG"/>
  <system-out/>
  <testcase name="A" time="0.003" classname="priority.PriorityInTestNG"/>
  <system-out/>
  <testcase name="verifyUserCanUploadFile" time="0.009" classname="priority.PriorityInTestNG"/>
  <system-out/>
</testsuite> <!-- priority.PriorityInTestNG -->
