<?xml version="1.0" encoding="UTF-8"?>
<!-- Generated by org.testng.reporters.JUnitReportReporter -->
<testsuite skipped="0" hostname="LAPTOP-D2GVCL39" name="screencapture.ScreenCapturClass" tests="1" failures="0" timestamp="2022-05-02T08:59:42 IST" time="23.554" errors="0">
  <testcase name="verifyUserCanUploadFile" time="23.554" classname="screencapture.ScreenCapturClass"/>
  <system-out/>
</testsuite> <!-- screencapture.ScreenCapturClass -->
