<?xml version="1.0" encoding="UTF-8"?>
<!-- Generated by org.testng.reporters.JUnitReportReporter -->
<testsuite skipped="0" hostname="LAPTOP-D2GVCL39" name="annotations.AnnotationsTestNG" tests="3" failures="0" timestamp="2022-05-04T09:26:07 IST" time="0.020" errors="0">
  <testcase name="verifyUserCanUploadFile" time="0.004" classname="annotations.AnnotationsTestNG"/>
  <system-out/>
  <testcase name="A" time="0.008" classname="annotations.AnnotationsTestNG"/>
  <system-out/>
  <testcase name="B" time="0.008" classname="annotations.AnnotationsTestNG"/>
  <system-out/>
</testsuite> <!-- annotations.AnnotationsTestNG -->
